[ 2026-01-23 13:27:18,792 ] 1025 httpx - INFO - HTTP Request: GET https://dagshub.com/api/v1/user "HTTP/1.1 200 OK"
[ 2026-01-23 13:27:18,802 ] 107 dagshub - INFO - Accessing as Alve-Haque
[ 2026-01-23 13:27:19,733 ] 1025 httpx - INFO - HTTP Request: GET https://dagshub.com/api/v1/repos/Alve-Haque/Building-Network-Security-System--MLOPS-Project-With-ETL-Pipelines "HTTP/1.1 200 OK"
[ 2026-01-23 13:27:20,587 ] 1025 httpx - INFO - HTTP Request: GET https://dagshub.com/api/v1/user "HTTP/1.1 200 OK"
[ 2026-01-23 13:27:20,589 ] 107 dagshub - INFO - Initialized MLflow to track repo "Alve-Haque/Building-Network-Security-System--MLOPS-Project-With-ETL-Pipelines"
[ 2026-01-23 13:27:20,591 ] 107 dagshub - INFO - Repository Alve-Haque/Building-Network-Security-System--MLOPS-Project-With-ETL-Pipelines initialized!
[ 2026-01-23 13:28:59,270 ] 42 root - INFO - Start data Ingestion
[ 2026-01-23 13:29:03,032 ] 65 root - INFO - Performed train test split on the dataframe
[ 2026-01-23 13:29:03,032 ] 67 root - INFO - Exited split_data_as_train_test method of Data_Ingestion class
[ 2026-01-23 13:29:03,033 ] 75 root - INFO - Exporting train and test file path.
[ 2026-01-23 13:29:03,251 ] 84 root - INFO - Exported train and test file path.
[ 2026-01-23 13:29:03,252 ] 45 root - INFO - Data Ingestion completed and artifact: DataIngestionArtifact(trained_file_path='Artifacts\\01_23_2026_13_27_00\\data_ingestion\\ingested\\train.csv', test_file_path='Artifacts\\01_23_2026_13_27_00\\data_ingestion\\ingested\\test.csv')
[ 2026-01-23 13:29:03,294 ] 55 root - INFO - Initiate the data Validation
[ 2026-01-23 13:29:03,407 ] 32 root - INFO - Required number of columns:2
[ 2026-01-23 13:29:03,407 ] 33 root - INFO - Data frame has columns:31
[ 2026-01-23 13:29:03,407 ] 32 root - INFO - Required number of columns:2
[ 2026-01-23 13:29:03,407 ] 33 root - INFO - Data frame has columns:31
[ 2026-01-23 13:29:03,903 ] 63 root - INFO - Entered initiate_data_transformation method of DataTransformation class
[ 2026-01-23 13:29:03,903 ] 65 root - INFO - Starting data transformation
[ 2026-01-23 13:29:03,958 ] 48 root - INFO - Entered get_data_trnasformer_object method of Trnasformation class
[ 2026-01-23 13:29:03,958 ] 53 root - INFO - Initialise KNNImputer with {'missing_values': nan, 'n_neighbors': 3, 'weights': 'uniform'}
[ 2026-01-23 13:29:03,983 ] 46 root - INFO - Entered the save_object method of MainUtils class
[ 2026-01-23 13:29:03,988 ] 50 root - INFO - Exited the save_object method of MainUtils class
[ 2026-01-23 13:29:03,988 ] 46 root - INFO - Entered the save_object method of MainUtils class
[ 2026-01-23 13:29:03,993 ] 50 root - INFO - Exited the save_object method of MainUtils class
[ 2026-01-23 13:39:58,460 ] 42 root - INFO - Start data Ingestion
[ 2026-01-23 13:40:01,927 ] 65 root - INFO - Performed train test split on the dataframe
[ 2026-01-23 13:40:01,928 ] 67 root - INFO - Exited split_data_as_train_test method of Data_Ingestion class
[ 2026-01-23 13:40:01,928 ] 75 root - INFO - Exporting train and test file path.
[ 2026-01-23 13:40:02,138 ] 84 root - INFO - Exported train and test file path.
[ 2026-01-23 13:40:02,140 ] 45 root - INFO - Data Ingestion completed and artifact: DataIngestionArtifact(trained_file_path='Artifacts\\01_23_2026_13_27_00\\data_ingestion\\ingested\\train.csv', test_file_path='Artifacts\\01_23_2026_13_27_00\\data_ingestion\\ingested\\test.csv')
[ 2026-01-23 13:40:02,159 ] 55 root - INFO - Initiate the data Validation
[ 2026-01-23 13:40:02,289 ] 32 root - INFO - Required number of columns:2
[ 2026-01-23 13:40:02,289 ] 33 root - INFO - Data frame has columns:31
[ 2026-01-23 13:40:02,289 ] 32 root - INFO - Required number of columns:2
[ 2026-01-23 13:40:02,289 ] 33 root - INFO - Data frame has columns:31
[ 2026-01-23 13:40:02,658 ] 63 root - INFO - Entered initiate_data_transformation method of DataTransformation class
[ 2026-01-23 13:40:02,659 ] 65 root - INFO - Starting data transformation
[ 2026-01-23 13:40:02,704 ] 48 root - INFO - Entered get_data_trnasformer_object method of Trnasformation class
[ 2026-01-23 13:40:02,705 ] 53 root - INFO - Initialise KNNImputer with {'missing_values': nan, 'n_neighbors': 3, 'weights': 'uniform'}
[ 2026-01-23 13:40:02,723 ] 46 root - INFO - Entered the save_object method of MainUtils class
[ 2026-01-23 13:40:02,728 ] 50 root - INFO - Exited the save_object method of MainUtils class
[ 2026-01-23 13:40:02,728 ] 46 root - INFO - Entered the save_object method of MainUtils class
[ 2026-01-23 13:40:02,734 ] 50 root - INFO - Exited the save_object method of MainUtils class
